<?xml version="1.0" encoding="UTF-8"?>
<Site BuildName="(empty)"
	BuildStamp="20240520-0531-Experimental"
	Name="sensebeetlev10-desktop"
	Generator="ctest-3.22.1"
	CompilerName="/usr/bin/aarch64-linux-gnu-g++"
	CompilerVersion="11.4.0"
	OSName="Linux"
	Hostname="sensebeetlev10-desktop"
	OSRelease="5.10.0-1004-rockchip"
	OSVersion="#4-Ubuntu SMP Wed May 8 09:43:25 UTC 2024"
	OSPlatform="aarch64"
	Is64Bits="1"
	VendorString=""
	VendorID="Unknown Manufacturer"
	FamilyID="8"
	ModelID="0"
	ProcessorCacheSize="0"
	NumberOfLogicalCPU="8"
	NumberOfPhysicalCPU="1"
	TotalVirtualMemory="1023"
	TotalPhysicalMemory="15714"
	LogicalProcessorsPerPhysical="8"
	ProcessorClockFrequency="0"
	>
	<Testing>
		<StartDateTime>May 20 14:25 CST</StartDateTime>
		<StartTestTime>1716186314</StartTestTime>
		<TestList/>
		<EndDateTime>May 20 14:25 CST</EndDateTime>
		<EndTestTime>1716186314</EndTestTime>
		<ElapsedMinutes>0</ElapsedMinutes>
	</Testing>
</Site>
